Compiling the CXX compiler identification source file "CMakeCXXCompilerId.cpp" failed.
Compiler: C:/MinGW/mingw32/lib/ldscripts/i386pe.x 
Build flags: 
Id flags:  

The output was:
%1 no es una aplicación Win32 válida


Compiling the CXX compiler identification source file "CMakeCXXCompilerId.cpp" failed.
Compiler: C:/MinGW/mingw32/lib/ldscripts/i386pe.x 
Build flags: 
Id flags: -c 

The output was:
%1 no es una aplicación Win32 válida


Compiling the CXX compiler identification source file "CMakeCXXCompilerId.cpp" failed.
Compiler: C:/MinGW/mingw32/lib/ldscripts/i386pe.x 
Build flags: 
Id flags: --c++ 

The output was:
%1 no es una aplicación Win32 válida


Compiling the CXX compiler identification source file "CMakeCXXCompilerId.cpp" failed.
Compiler: C:/MinGW/mingw32/lib/ldscripts/i386pe.x 
Build flags: 
Id flags: --ec++ 

The output was:
%1 no es una aplicación Win32 válida


Compiling the CXX compiler identification source file "CMakeCXXCompilerId.cpp" failed.
Compiler: C:/MinGW/mingw32/lib/ldscripts/i386pe.x 
Build flags: 
Id flags: --target=arm-arm-none-eabi;-mcpu=cortex-m3 

The output was:
%1 no es una aplicación Win32 válida


Compiling the CXX compiler identification source file "CMakeCXXCompilerId.cpp" failed.
Compiler: C:/MinGW/mingw32/lib/ldscripts/i386pe.x 
Build flags: 
Id flags:  

The output was:
%1 no es una aplicación Win32 válida


Compiling the CXX compiler identification source file "CMakeCXXCompilerId.cpp" failed.
Compiler: C:/MinGW/mingw32/lib/ldscripts/i386pe.x 
Build flags: 
Id flags: -c 

The output was:
%1 no es una aplicación Win32 válida


Compiling the CXX compiler identification source file "CMakeCXXCompilerId.cpp" failed.
Compiler: C:/MinGW/mingw32/lib/ldscripts/i386pe.x 
Build flags: 
Id flags: --c++ 

The output was:
%1 no es una aplicación Win32 válida


Compiling the CXX compiler identification source file "CMakeCXXCompilerId.cpp" failed.
Compiler: C:/MinGW/mingw32/lib/ldscripts/i386pe.x 
Build flags: 
Id flags: --ec++ 

The output was:
%1 no es una aplicación Win32 válida


Compiling the CXX compiler identification source file "CMakeCXXCompilerId.cpp" failed.
Compiler: C:/MinGW/mingw32/lib/ldscripts/i386pe.x 
Build flags: 
Id flags: --target=arm-arm-none-eabi;-mcpu=cortex-m3 

The output was:
%1 no es una aplicación Win32 válida


Checking whether the CXX compiler is IAR using "" did not match "IAR .+ Compiler":
Checking whether the CXX compiler is IAR using "" did not match "IAR .+ Compiler":
Determining if the CXX compiler works failed with the following output:
Change Dir: C:/Users/nicol/Documents/GitHub/TpCompilador/Compilador/cmake-build-debug/CMakeFiles/CMakeTmp

Run Build Command(s):C:/PROGRA~2/MINGW-~1/I686-8~1.0-P/mingw32/bin/mingw32-make.exe cmTC_76b80/fast && C:/PROGRA~2/MINGW-~1/I686-8~1.0-P/mingw32/bin/mingw32-make.exe  -f CMakeFiles\cmTC_76b80.dir\build.make CMakeFiles/cmTC_76b80.dir/build
mingw32-make.exe[1]: Entering directory 'C:/Users/nicol/Documents/GitHub/TpCompilador/Compilador/cmake-build-debug/CMakeFiles/CMakeTmp'
Building CXX object CMakeFiles/cmTC_76b80.dir/testCXXCompiler.cxx.obj
C:\MinGW\mingw32\lib\ldscripts\i386pe.x     -o CMakeFiles\cmTC_76b80.dir\testCXXCompiler.cxx.obj -c C:\Users\nicol\Documents\GitHub\TpCompilador\Compilador\cmake-build-debug\CMakeFiles\CMakeTmp\testCXXCompiler.cxx
process_begin: CreateProcess(C:\MinGW\mingw32\lib\ldscripts\i386pe.x, C:\MinGW\mingw32\lib\ldscripts\i386pe.x -o CMakeFiles\cmTC_76b80.dir\testCXXCompiler.cxx.obj -c C:\Users\nicol\Documents\GitHub\TpCompilador\Compilador\cmake-build-debug\CMakeFiles\CMakeTmp\testCXXCompiler.cxx, ...) failed.
make (e=193): Error 193
mingw32-make.exe[1]: *** [CMakeFiles\cmTC_76b80.dir\build.make:85: CMakeFiles/cmTC_76b80.dir/testCXXCompiler.cxx.obj] Error 193
mingw32-make.exe[1]: Leaving directory 'C:/Users/nicol/Documents/GitHub/TpCompilador/Compilador/cmake-build-debug/CMakeFiles/CMakeTmp'
mingw32-make.exe: *** [Makefile:140: cmTC_76b80/fast] Error 2



Compiling the CXX compiler identification source file "CMakeCXXCompilerId.cpp" failed.
Compiler: C:/MinGW/mingw32/lib/ldscripts/i386pe.x 
Build flags: 
Id flags:  

The output was:
%1 no es una aplicación Win32 válida


Compiling the CXX compiler identification source file "CMakeCXXCompilerId.cpp" failed.
Compiler: C:/MinGW/mingw32/lib/ldscripts/i386pe.x 
Build flags: 
Id flags: -c 

The output was:
%1 no es una aplicación Win32 válida


Compiling the CXX compiler identification source file "CMakeCXXCompilerId.cpp" failed.
Compiler: C:/MinGW/mingw32/lib/ldscripts/i386pe.x 
Build flags: 
Id flags: --c++ 

The output was:
%1 no es una aplicación Win32 válida


Compiling the CXX compiler identification source file "CMakeCXXCompilerId.cpp" failed.
Compiler: C:/MinGW/mingw32/lib/ldscripts/i386pe.x 
Build flags: 
Id flags: --ec++ 

The output was:
%1 no es una aplicación Win32 válida


Compiling the CXX compiler identification source file "CMakeCXXCompilerId.cpp" failed.
Compiler: C:/MinGW/mingw32/lib/ldscripts/i386pe.x 
Build flags: 
Id flags: --target=arm-arm-none-eabi;-mcpu=cortex-m3 

The output was:
%1 no es una aplicación Win32 válida


Compiling the CXX compiler identification source file "CMakeCXXCompilerId.cpp" failed.
Compiler: C:/MinGW/mingw32/lib/ldscripts/i386pe.x 
Build flags: 
Id flags:  

The output was:
%1 no es una aplicación Win32 válida


Compiling the CXX compiler identification source file "CMakeCXXCompilerId.cpp" failed.
Compiler: C:/MinGW/mingw32/lib/ldscripts/i386pe.x 
Build flags: 
Id flags: -c 

The output was:
%1 no es una aplicación Win32 válida


Compiling the CXX compiler identification source file "CMakeCXXCompilerId.cpp" failed.
Compiler: C:/MinGW/mingw32/lib/ldscripts/i386pe.x 
Build flags: 
Id flags: --c++ 

The output was:
%1 no es una aplicación Win32 válida


Compiling the CXX compiler identification source file "CMakeCXXCompilerId.cpp" failed.
Compiler: C:/MinGW/mingw32/lib/ldscripts/i386pe.x 
Build flags: 
Id flags: --ec++ 

The output was:
%1 no es una aplicación Win32 válida


Compiling the CXX compiler identification source file "CMakeCXXCompilerId.cpp" failed.
Compiler: C:/MinGW/mingw32/lib/ldscripts/i386pe.x 
Build flags: 
Id flags: --target=arm-arm-none-eabi;-mcpu=cortex-m3 

The output was:
%1 no es una aplicación Win32 válida


Checking whether the CXX compiler is IAR using "" did not match "IAR .+ Compiler":
Checking whether the CXX compiler is IAR using "" did not match "IAR .+ Compiler":
Determining if the CXX compiler works failed with the following output:
Change Dir: C:/Users/nicol/Documents/GitHub/TpCompilador/Compilador/cmake-build-debug/CMakeFiles/CMakeTmp

Run Build Command(s):C:/PROGRA~2/MINGW-~1/I686-8~1.0-P/mingw32/bin/mingw32-make.exe cmTC_10750/fast && C:/PROGRA~2/MINGW-~1/I686-8~1.0-P/mingw32/bin/mingw32-make.exe  -f CMakeFiles\cmTC_10750.dir\build.make CMakeFiles/cmTC_10750.dir/build
mingw32-make.exe[1]: Entering directory 'C:/Users/nicol/Documents/GitHub/TpCompilador/Compilador/cmake-build-debug/CMakeFiles/CMakeTmp'
Building CXX object CMakeFiles/cmTC_10750.dir/testCXXCompiler.cxx.obj
C:\MinGW\mingw32\lib\ldscripts\i386pe.x     -o CMakeFiles\cmTC_10750.dir\testCXXCompiler.cxx.obj -c C:\Users\nicol\Documents\GitHub\TpCompilador\Compilador\cmake-build-debug\CMakeFiles\CMakeTmp\testCXXCompiler.cxx
process_begin: CreateProcess(C:\MinGW\mingw32\lib\ldscripts\i386pe.x, C:\MinGW\mingw32\lib\ldscripts\i386pe.x -o CMakeFiles\cmTC_10750.dir\testCXXCompiler.cxx.obj -c C:\Users\nicol\Documents\GitHub\TpCompilador\Compilador\cmake-build-debug\CMakeFiles\CMakeTmp\testCXXCompiler.cxx, ...) failed.
make (e=193): Error 193
mingw32-make.exe[1]: *** [CMakeFiles\cmTC_10750.dir\build.make:85: CMakeFiles/cmTC_10750.dir/testCXXCompiler.cxx.obj] Error 193
mingw32-make.exe[1]: Leaving directory 'C:/Users/nicol/Documents/GitHub/TpCompilador/Compilador/cmake-build-debug/CMakeFiles/CMakeTmp'
mingw32-make.exe: *** [Makefile:140: cmTC_10750/fast] Error 2



